<?xml version="1.0" encoding="UTF-8"?>
<!-- Generated by org.testng.reporters.JUnitReportReporter -->
<testsuite hostname="xe-t-sheetal" name="testsuite.Testcases" tests="2" failures="0" timestamp="26 Nov 2015 12:02:52 GMT" time="24.237" errors="0">
  <testcase name="verifyLogout" time="3.765" classname="testsuite.Testcases"/>
  <testcase name="verifyLogin" time="20.472" classname="testsuite.Testcases"/>
</testsuite> <!-- testsuite.Testcases -->
